<?xml version="1.0" encoding="UTF-8"?>
<!-- Generated by org.testng.reporters.JUnitXMLReporter -->
<testsuite ignored="0" hostname="MukeshSingh" failures="1" tests="3" name="Test" time="12.026" errors="0" timestamp="2025-06-19T22:19:53 IST">
  <testcase classname="inventoryTests.AddProductToCartTest" name="tc_001_addProductToCart" time="2.827"/>
  <testcase classname="inventoryTests.AddLowestPriceProtuctToCartTest" name="tc_003_addLowestPriceProductToCart" time="3.947"/>
  <testcase classname="inventoryTests.AddProductToCartUsingBaseClassTest" name="tc_001_addProductToCart" time="0.326">
    <failure type="java.lang.AssertionError" message="null">
      <![CDATA[java.lang.AssertionError: null
at inventoryTests.AddProductToCartUsingBaseClassTest.tc_001_addProductToCart(AddProductToCartUsingBaseClassTest.java:35)
at java.base/java.util.ArrayList.forEach(ArrayList.java:1511)
... Removed 29 stack frames]]>
    </failure>
  </testcase> <!-- tc_001_addProductToCart -->
</testsuite> <!-- Test -->
